<?xml version="1.0" encoding="UTF-8"?>
<!-- Generated by org.testng.reporters.JUnitReportReporter -->
<testsuite hostname="lab1T" name="first.testNG.example.TestNGDemo" tests="2" failures="0" timestamp="22 Sep 2017 18:14:01 GMT" time="0.001" errors="0">
  <testcase name="firstTest" time="0.001" classname="first.testNG.example.TestNGDemo"/>
  <testcase name="secondTest" time="0.000" classname="first.testNG.example.TestNGDemo"/>
</testsuite> <!-- first.testNG.example.TestNGDemo -->
