<?xml version="1.0" encoding="UTF-8"?>
<!-- Generated by org.testng.reporters.JUnitReportReporter -->
<testsuite hostname="lab1T" name="first.testNG.example.ParamsTest" tests="2" failures="0" timestamp="22 Sep 2017 18:14:01 GMT" time="0.002" errors="0">
  <testcase name="UserId" time="0.001" classname="first.testNG.example.ParamsTest"/>
  <testcase name="UserId" time="0.001" classname="first.testNG.example.ParamsTest"/>
</testsuite> <!-- first.testNG.example.ParamsTest -->
