<?xml version="1.0" encoding="UTF-8"?>
<!-- Generated by org.testng.reporters.JUnitReportReporter -->
<testsuite hostname="lab1T" name="first.testNG.example.SecondDemo" tests="2" failures="0" timestamp="22 Sep 2017 17:23:25 GMT" time="1.003" errors="0">
  <testcase name="firstTest" time="0.000" classname="first.testNG.example.SecondDemo"/>
  <testcase name="secondTest" time="1.003" classname="first.testNG.example.SecondDemo"/>
</testsuite> <!-- first.testNG.example.SecondDemo -->
